e:\project\mfcdll\consoletest\consoletest\d3d11test\d3d11test\debug\chap07.lib
e:\project\mfcdll\consoletest\consoletest\d3d11test\d3d11test\debug\chap07.exp
e:\project\vc++\chap07\chap07\debug\vc140.pdb
e:\project\vc++\chap07\chap07\debug\vc140.idb
e:\project\vc++\chap07\chap07\debug\a.obj
e:\project\vc++\chap07\chap07\debug\cfactory.obj
e:\project\vc++\chap07\chap07\debug\cunknown.obj
e:\project\vc++\chap07\chap07\debug\registry.obj
e:\project\vc++\chap07\chap07\debug\server.obj
e:\project\vc++\chap07\chap07\debug\ichap07.obj
e:\project\mfcdll\consoletest\consoletest\d3d11test\d3d11test\debug\chap07.ilk
e:\project\mfcdll\consoletest\consoletest\d3d11test\d3d11test\debug\chap07.dll
e:\project\mfcdll\consoletest\consoletest\d3d11test\d3d11test\debug\chap07.pdb
e:\project\vc++\chap07\chap07\debug\chap07.tlb
e:\project\vc++\chap07\chap07\cmpnt_p.c
e:\project\vc++\chap07\chap07\ichap07.c
e:\project\vc++\chap07\chap07\ichap07.h
e:\project\vc++\chap07\chap07\debug\chap07.tlog\chap07.write.1u.tlog
e:\project\vc++\chap07\chap07\debug\chap07.tlog\cl.command.1.tlog
e:\project\vc++\chap07\chap07\debug\chap07.tlog\cl.read.1.tlog
e:\project\vc++\chap07\chap07\debug\chap07.tlog\cl.write.1.tlog
e:\project\vc++\chap07\chap07\debug\chap07.tlog\link.command.1.tlog
e:\project\vc++\chap07\chap07\debug\chap07.tlog\link.read.1.tlog
e:\project\vc++\chap07\chap07\debug\chap07.tlog\link.write.1.tlog
e:\project\vc++\chap07\chap07\debug\chap07.tlog\midl.command.1.tlog
e:\project\vc++\chap07\chap07\debug\chap07.tlog\midl.read.1.tlog
e:\project\vc++\chap07\chap07\debug\chap07.tlog\midl.write.1.tlog
